<?xml version="1.0" encoding="UTF-8"?>
<!-- Generated by org.testng.reporters.JUnitReportReporter -->
<testsuite hostname="INLEN8520037165" failures="0" tests="2" name="FrameWorks.SeleniumFrameworkDesign.ErrorValidationsTest" time="16.342" errors="0" timestamp="2024-07-10T12:24:09 IST" skipped="0">
  <testcase classname="FrameWorks.SeleniumFrameworkDesign.ErrorValidationsTest" name="loginErrorValidation" time="6.015"/>
  <testcase classname="FrameWorks.SeleniumFrameworkDesign.ErrorValidationsTest" name="productErrorValidation" time="10.327"/>
</testsuite> <!-- FrameWorks.SeleniumFrameworkDesign.ErrorValidationsTest -->
