<?xml version="1.0" encoding="UTF-8"?>
<!-- Generated by org.testng.reporters.JUnitReportReporter -->
<testsuite hostname="INLEN8520037165" failures="0" tests="1" name="cucumber.TestNGTestRunner" time="7.689" errors="0" timestamp="2024-07-15T12:44:48 IST" skipped="0">
  <testcase classname="cucumber.TestNGTestRunner" name="runScenario" time="7.689"/>
</testsuite> <!-- cucumber.TestNGTestRunner -->
