<?xml version="1.0" encoding="UTF-8"?>
<!-- Generated by org.testng.reporters.JUnitReportReporter -->
<testsuite hostname="INLEN8520037165" failures="0" tests="1" name="cucumber.TestNGTestRunner" time="8.569" errors="0" timestamp="2024-07-15T13:01:10 IST" skipped="0">
  <testcase classname="cucumber.TestNGTestRunner" name="runScenario" time="8.569"/>
</testsuite> <!-- cucumber.TestNGTestRunner -->
