<?xml version="1.0" encoding="UTF-8"?>
<!-- Generated by org.testng.reporters.JUnitReportReporter -->
<testsuite hostname="INLEN8520037165" failures="0" tests="2" name="FrameWorks.SeleniumFrameworkDesign.ErrorValidationsTest" time="14.960" errors="0" timestamp="2024-07-12T12:00:30 IST" skipped="0">
  <testcase classname="FrameWorks.SeleniumFrameworkDesign.ErrorValidationsTest" name="productErrorValidation" time="9.171"/>
  <testcase classname="FrameWorks.SeleniumFrameworkDesign.ErrorValidationsTest" name="loginErrorValidation" time="5.789"/>
</testsuite> <!-- FrameWorks.SeleniumFrameworkDesign.ErrorValidationsTest -->
