<?xml version="1.0" encoding="UTF-8"?>
<!-- Generated by org.testng.reporters.JUnitReportReporter -->
<testsuite hostname="INLEN8520037165" failures="0" tests="3" name="FrameWorks.SeleniumFrameworkDesign.StandAloneTest" time="32.445" errors="0" timestamp="2024-07-12T12:00:30 IST" skipped="0">
  <testcase classname="FrameWorks.SeleniumFrameworkDesign.StandAloneTest" name="OrderIsDisplayed" time="6.911"/>
  <testcase classname="FrameWorks.SeleniumFrameworkDesign.StandAloneTest" name="StandAlone" time="12.770"/>
  <testcase classname="FrameWorks.SeleniumFrameworkDesign.StandAloneTest" name="StandAlone" time="12.764"/>
</testsuite> <!-- FrameWorks.SeleniumFrameworkDesign.StandAloneTest -->
